Rabi scan, Run step: 0total 20
Rabi scan, Run step: 1total 20
Rabi scan, Run step: 2total 20
Rabi scan, Run step: 3total 20
Rabi scan, Run step: 4total 20
Rabi scan, Run step: 5total 20
Rabi scan, Run step: 6total 20
Rabi scan, Run step: 7total 20
Rabi scan, Run step: 8total 20
Rabi scan, Run step: 9total 20
Rabi scan, Run step: 10total 20
Rabi scan, Run step: 11total 20
Rabi scan, Run step: 12total 20
Rabi scan, Run step: 13total 20
Rabi scan, Run step: 14total 20
Rabi scan, Run step: 15total 20
Rabi scan, Run step: 16total 20
Rabi scan, Run step: 17total 20
Rabi scan, Run step: 18total 20
Rabi scan, Run step: 19total 20
Uni Ramp, Run step: 0total 40
Uni Ramp, Run step: 1total 40
Uni Ramp, Run step: 2total 40
Uni Ramp, Run step: 3total 40
Uni Ramp, Run step: 4total 40
Uni Ramp, Run step: 5total 40
Uni Ramp, Run step: 6total 40
Uni Ramp, Run step: 7total 40
Uni Ramp, Run step: 8total 40
Uni Ramp, Run step: 9total 40
Uni Ramp, Run step: 10total 40
Uni Ramp, Run step: 11total 40
Uni Ramp, Run step: 12total 40
Uni Ramp, Run step: 13total 40
Uni Ramp, Run step: 14total 40
Uni Ramp, Run step: 15total 40
Uni Ramp, Run step: 16total 40
Uni Ramp, Run step: 17total 40
Uni Ramp, Run step: 18total 40
Uni Ramp, Run step: 19total 40
Uni Ramp, Run step: 20total 40
Uni Ramp, Run step: 21total 40
Uni Ramp, Run step: 22total 40
Uni Ramp, Run step: 23total 40
Uni Ramp, Run step: 24total 40
Uni Ramp, Run step: 25total 40
Uni Ramp, Run step: 26total 40
Uni Ramp, Run step: 27total 40
Uni Ramp, Run step: 28total 40
Uni Ramp, Run step: 29total 40
Uni Ramp, Run step: 30total 40
Uni Ramp, Run step: 31total 40
Uni Ramp, Run step: 32total 40
Uni Ramp, Run step: 33total 40
Uni Ramp, Run step: 34total 40
Uni Ramp, Run step: 35total 40
Uni Ramp, Run step: 36total 40
Uni Ramp, Run step: 37total 40
Uni Ramp, Run step: 38total 40
Uni Ramp, Run step: 39total 40
Wait, Run step: 0total 20
Wait, Run step: 1total 20
Wait, Run step: 2total 20
Wait, Run step: 3total 20
Wait, Run step: 4total 20
Wait, Run step: 5total 20
Wait, Run step: 6total 20
Wait, Run step: 7total 20
Wait, Run step: 8total 20
Wait, Run step: 9total 20
Wait, Run step: 10total 20
Wait, Run step: 11total 20
Wait, Run step: 12total 20
Wait, Run step: 13total 20
Wait, Run step: 14total 20
Wait, Run step: 15total 20
Wait, Run step: 16total 20
Wait, Run step: 17total 20
Wait, Run step: 18total 20
Wait, Run step: 19total 20
Inverse Uni Ramp, Run step: 0total 40
Inverse Uni Ramp, Run step: 1total 40
Inverse Uni Ramp, Run step: 2total 40
Inverse Uni Ramp, Run step: 3total 40
Inverse Uni Ramp, Run step: 4total 40
Inverse Uni Ramp, Run step: 5total 40
Inverse Uni Ramp, Run step: 6total 40
Inverse Uni Ramp, Run step: 7total 40
Inverse Uni Ramp, Run step: 8total 40
Inverse Uni Ramp, Run step: 9total 40
Inverse Uni Ramp, Run step: 10total 40
Inverse Uni Ramp, Run step: 11total 40
Inverse Uni Ramp, Run step: 12total 40
Inverse Uni Ramp, Run step: 13total 40
Inverse Uni Ramp, Run step: 14total 40
Inverse Uni Ramp, Run step: 15total 40
Inverse Uni Ramp, Run step: 16total 40
Inverse Uni Ramp, Run step: 17total 40
Inverse Uni Ramp, Run step: 18total 40
Inverse Uni Ramp, Run step: 19total 40
Inverse Uni Ramp, Run step: 20total 40
Inverse Uni Ramp, Run step: 21total 40
Inverse Uni Ramp, Run step: 22total 40
Inverse Uni Ramp, Run step: 23total 40
Inverse Uni Ramp, Run step: 24total 40
Inverse Uni Ramp, Run step: 25total 40
Inverse Uni Ramp, Run step: 26total 40
Inverse Uni Ramp, Run step: 27total 40
Inverse Uni Ramp, Run step: 28total 40
Inverse Uni Ramp, Run step: 29total 40
Inverse Uni Ramp, Run step: 30total 40
Inverse Uni Ramp, Run step: 31total 40
Inverse Uni Ramp, Run step: 32total 40
Inverse Uni Ramp, Run step: 33total 40
Inverse Uni Ramp, Run step: 34total 40
Inverse Uni Ramp, Run step: 35total 40
Inverse Uni Ramp, Run step: 36total 40
Inverse Uni Ramp, Run step: 37total 40
Inverse Uni Ramp, Run step: 38total 40
Inverse Uni Ramp, Run step: 39total 40
Inverse Rabi Ramp, Run step: 0total 20
Inverse Rabi Ramp, Run step: 1total 20
Inverse Rabi Ramp, Run step: 2total 20
Inverse Rabi Ramp, Run step: 3total 20
Inverse Rabi Ramp, Run step: 4total 20
Inverse Rabi Ramp, Run step: 5total 20
Inverse Rabi Ramp, Run step: 6total 20
Inverse Rabi Ramp, Run step: 7total 20
Inverse Rabi Ramp, Run step: 8total 20
Inverse Rabi Ramp, Run step: 9total 20
Inverse Rabi Ramp, Run step: 10total 20
Inverse Rabi Ramp, Run step: 11total 20
Inverse Rabi Ramp, Run step: 12total 20
Inverse Rabi Ramp, Run step: 13total 20
Inverse Rabi Ramp, Run step: 14total 20
Inverse Rabi Ramp, Run step: 15total 20
Inverse Rabi Ramp, Run step: 16total 20
Inverse Rabi Ramp, Run step: 17total 20
Inverse Rabi Ramp, Run step: 18total 20
Inverse Rabi Ramp, Run step: 19total 20
2023_02_07_02_08_55_452L24multistep
26994
